# JRE version: OpenJDK Runtime Environment (8.0_152-b01) (build 1.8.0_152-release-915-b01)
# Java VM: OpenJDK 64-Bit Server VM (25.152-b01 mixed mode windows-amd64 compressed oops)
Heap:
 PSYoungGen      total 178688K, used 19262K [0x00000000e0000000, 0x00000000ee400000, 0x0000000100000000)
  eden space 165888K, 3% used [0x00000000e0000000,0x00000000e06561c0,0x00000000ea200000)
  from space 12800K, 99% used [0x00000000ea200000,0x00000000eae799d8,0x00000000eae80000)
  to   space 15360K, 0% used [0x00000000ed500000,0x00000000ed500000,0x00000000ee400000)
 ParOldGen       total 92672K, used 19664K [0x00000000a0000000, 0x00000000a5a80000, 0x00000000e0000000)
  object space 92672K, 21% used [0x00000000a0000000,0x00000000a13341f0,0x00000000a5a80000)
 Metaspace       used 47218K, capacity 48484K, committed 48728K, reserved 1091584K
  class space    used 6309K, capacity 6656K, committed 6744K, reserved 1048576K
GC Heap History (10 events):
Event: 6.096 GC heap before
{Heap before GC invocations=7 (full 1):
 PSYoungGen      total 71680K, used 71679K [0x00000000e0000000, 0x00000000e7c00000, 0x0000000100000000)
  eden space 66560K, 100% used [0x00000000e0000000,0x00000000e4100000,0x00000000e4100000)
  from space 5120K, 99% used [0x00000000e4100000,0x00000000e45ffc60,0x00000000e4600000)
  to   space 10752K, 0% used [0x00000000e7180000,0x00000000e7180000,0x00000000e7c00000)
 ParOldGen       total 62976K, used 11426K [0x00000000a0000000, 0x00000000a3d80000, 0x00000000e0000000)
  object space 62976K, 18% used [0x00000000a0000000,0x00000000a0b28808,0x00000000a3d80000)
 Metaspace       used 30267K, capacity 30824K, committed 30976K, reserved 1075200K
  class space    used 4119K, capacity 4323K, committed 4352K, reserved 1048576K
Event: 6.157 GC heap after
Heap after GC invocations=7 (full 1):
 PSYoungGen      total 116224K, used 8336K [0x00000000e0000000, 0x00000000e7e00000, 0x0000000100000000)
  eden space 105472K, 0% used [0x00000000e0000000,0x00000000e0000000,0x00000000e6700000)
  from space 10752K, 77% used [0x00000000e7180000,0x00000000e79a40f0,0x00000000e7c00000)
  to   space 10752K, 0% used [0x00000000e6700000,0x00000000e6700000,0x00000000e7180000)
 ParOldGen       total 62976K, used 11498K [0x00000000a0000000, 0x00000000a3d80000, 0x00000000e0000000)
  object space 62976K, 18% used [0x00000000a0000000,0x00000000a0b3a818,0x00000000a3d80000)
 Metaspace       used 30267K, capacity 30824K, committed 30976K, reserved 1075200K
  class space    used 4119K, capacity 4323K, committed 4352K, reserved 1048576K
}
Event: 7.556 GC heap before
{Heap before GC invocations=8 (full 1):
 PSYoungGen      total 116224K, used 57071K [0x00000000e0000000, 0x00000000e7e00000, 0x0000000100000000)
  eden space 105472K, 46% used [0x00000000e0000000,0x00000000e2f97d70,0x00000000e6700000)
  from space 10752K, 77% used [0x00000000e7180000,0x00000000e79a40f0,0x00000000e7c00000)
  to   space 10752K, 0% used [0x00000000e6700000,0x00000000e6700000,0x00000000e7180000)
 ParOldGen       total 62976K, used 11498K [0x00000000a0000000, 0x00000000a3d80000, 0x00000000e0000000)
  object space 62976K, 18% used [0x00000000a0000000,0x00000000a0b3a818,0x00000000a3d80000)
 Metaspace       used 34504K, capacity 35192K, committed 35416K, reserved 1079296K
  class space    used 4636K, capacity 4891K, committed 4952K, reserved 1048576K
Event: 7.599 GC heap after
Heap after GC invocations=8 (full 1):
 PSYoungGen      total 116224K, used 10535K [0x00000000e0000000, 0x00000000ebc00000, 0x0000000100000000)
  eden space 105472K, 0% used [0x00000000e0000000,0x00000000e0000000,0x00000000e6700000)
  from space 10752K, 97% used [0x00000000e6700000,0x00000000e7149f08,0x00000000e7180000)
  to   space 11776K, 0% used [0x00000000eb080000,0x00000000eb080000,0x00000000ebc00000)
 ParOldGen       total 62976K, used 11506K [0x00000000a0000000, 0x00000000a3d80000, 0x00000000e0000000)
  object space 62976K, 18% used [0x00000000a0000000,0x00000000a0b3c818,0x00000000a3d80000)
 Metaspace       used 34504K, capacity 35192K, committed 35416K, reserved 1079296K
  class space    used 4636K, capacity 4891K, committed 4952K, reserved 1048576K
}
Event: 7.599 GC heap before
{Heap before GC invocations=9 (full 2):
 PSYoungGen      total 116224K, used 10535K [0x00000000e0000000, 0x00000000ebc00000, 0x0000000100000000)
  eden space 105472K, 0% used [0x00000000e0000000,0x00000000e0000000,0x00000000e6700000)
  from space 10752K, 97% used [0x00000000e6700000,0x00000000e7149f08,0x00000000e7180000)
  to   space 11776K, 0% used [0x00000000eb080000,0x00000000eb080000,0x00000000ebc00000)
 ParOldGen       total 62976K, used 11506K [0x00000000a0000000, 0x00000000a3d80000, 0x00000000e0000000)
  object space 62976K, 18% used [0x00000000a0000000,0x00000000a0b3c818,0x00000000a3d80000)
 Metaspace       used 34504K, capacity 35192K, committed 35416K, reserved 1079296K
  class space    used 4636K, capacity 4891K, committed 4952K, reserved 1048576K
Event: 7.730 GC heap after
Heap after GC invocations=9 (full 2):
 PSYoungGen      total 116224K, used 0K [0x00000000e0000000, 0x00000000ebc00000, 0x0000000100000000)
  eden space 105472K, 0% used [0x00000000e0000000,0x00000000e0000000,0x00000000e6700000)
  from space 10752K, 0% used [0x00000000e6700000,0x00000000e6700000,0x00000000e7180000)
  to   space 11776K, 0% used [0x00000000eb080000,0x00000000eb080000,0x00000000ebc00000)
 ParOldGen       total 92672K, used 16734K [0x00000000a0000000, 0x00000000a5a80000, 0x00000000e0000000)
  object space 92672K, 18% used [0x00000000a0000000,0x00000000a1057818,0x00000000a5a80000)
 Metaspace       used 34504K, capacity 35192K, committed 35416K, reserved 1079296K
  class space    used 4636K, capacity 4891K, committed 4952K, reserved 1048576K
}
Event: 9.614 GC heap before
{Heap before GC invocations=10 (full 2):
 PSYoungGen      total 116224K, used 105472K [0x00000000e0000000, 0x00000000ebc00000, 0x0000000100000000)
  eden space 105472K, 100% used [0x00000000e0000000,0x00000000e6700000,0x00000000e6700000)
  from space 10752K, 0% used [0x00000000e6700000,0x00000000e6700000,0x00000000e7180000)
  to   space 11776K, 0% used [0x00000000eb080000,0x00000000eb080000,0x00000000ebc00000)
 ParOldGen       total 92672K, used 16734K [0x00000000a0000000, 0x00000000a5a80000, 0x00000000e0000000)
  object space 92672K, 18% used [0x00000000a0000000,0x00000000a1057818,0x00000000a5a80000)
 Metaspace       used 41021K, capacity 41858K, committed 42200K, reserved 1085440K
  class space    used 5514K, capacity 5775K, committed 5848K, reserved 1048576K
Event: 9.622 GC heap after
Heap after GC invocations=10 (full 2):
 PSYoungGen      total 167936K, used 10717K [0x00000000e0000000, 0x00000000ebb00000, 0x0000000100000000)
  eden space 157184K, 0% used [0x00000000e0000000,0x00000000e0000000,0x00000000e9980000)
  from space 10752K, 99% used [0x00000000eb080000,0x00000000ebaf7608,0x00000000ebb00000)
  to   space 12800K, 0% used [0x00000000ea200000,0x00000000ea200000,0x00000000eae80000)
 ParOldGen       total 92672K, used 16742K [0x00000000a0000000, 0x00000000a5a80000, 0x00000000e0000000)
  object space 92672K, 18% used [0x00000000a0000000,0x00000000a1059818,0x00000000a5a80000)
 Metaspace       used 41021K, capacity 41858K, committed 42200K, reserved 1085440K
  class space    used 5514K, capacity 5775K, committed 5848K, reserved 1048576K
}
Event: 11.581 GC heap before
{Heap before GC invocations=11 (full 2):
 PSYoungGen      total 167936K, used 167901K [0x00000000e0000000, 0x00000000ebb00000, 0x0000000100000000)
  eden space 157184K, 100% used [0x00000000e0000000,0x00000000e9980000,0x00000000e9980000)
  from space 10752K, 99% used [0x00000000eb080000,0x00000000ebaf7608,0x00000000ebb00000)
  to   space 12800K, 0% used [0x00000000ea200000,0x00000000ea200000,0x00000000eae80000)
 ParOldGen       total 92672K, used 16742K [0x00000000a0000000, 0x00000000a5a80000, 0x00000000e0000000)
  object space 92672K, 18% used [0x00000000a0000000,0x00000000a1059818,0x00000000a5a80000)
 Metaspace       used 47144K, capacity 48342K, committed 48472K, reserved 1091584K
  class space    used 6293K, capacity 6643K, committed 6744K, reserved 1048576K
Event: 11.626 GC heap after
Heap after GC invocations=11 (full 2):
 PSYoungGen      total 178688K, used 12774K [0x00000000e0000000, 0x00000000ee400000, 0x0000000100000000)
  eden space 165888K, 0% used [0x00000000e0000000,0x00000000e0000000,0x00000000ea200000)
  from space 12800K, 99% used [0x00000000ea200000,0x00000000eae799d8,0x00000000eae80000)
  to   space 15360K, 0% used [0x00000000ed500000,0x00000000ed500000,0x00000000ee400000)
 ParOldGen       total 92672K, used 19664K [0x00000000a0000000, 0x00000000a5a80000, 0x00000000e0000000)
  object space 92672K, 21% used [0x00000000a0000000,0x00000000a13341f0,0x00000000a5a80000)
 Metaspace       used 47144K, capacity 48342K, committed 48472K, reserved 1091584K
  class space    used 6293K, capacity 6643K, committed 6744K, reserved 1048576K
}

