# JRE version: OpenJDK Runtime Environment (8.0_152-b01) (build 1.8.0_152-release-915-b01)
# Java VM: OpenJDK 64-Bit Server VM (25.152-b01 mixed mode windows-amd64 compressed oops)
Heap:
 PSYoungGen      total 347136K, used 56984K [0x00000000e0000000, 0x00000000ff700000, 0x0000000100000000)
  eden space 181248K, 13% used [0x00000000e0000000,0x00000000e1812210,0x00000000eb100000)
  from space 165888K, 19% used [0x00000000f5500000,0x00000000f7493e50,0x00000000ff700000)
  to   space 166912K, 0% used [0x00000000eb100000,0x00000000eb100000,0x00000000f5400000)
 ParOldGen       total 1048576K, used 790128K [0x00000000a0000000, 0x00000000e0000000, 0x00000000e0000000)
  object space 1048576K, 75% used [0x00000000a0000000,0x00000000d039c020,0x00000000e0000000)
 Metaspace       used 78169K, capacity 80132K, committed 81044K, reserved 1120256K
  class space    used 9918K, capacity 10413K, committed 10644K, reserved 1048576K
GC Heap History (10 events):
Event: 221.001 GC heap before
{Heap before GC invocations=98 (full 55):
 PSYoungGen      total 349696K, used 224949K [0x00000000e0000000, 0x0000000100000000, 0x0000000100000000)
  eden space 175104K, 100% used [0x00000000e0000000,0x00000000eab00000,0x00000000eab00000)
  from space 174592K, 28% used [0x00000000f5580000,0x00000000f862d750,0x0000000100000000)
  to   space 174592K, 0% used [0x00000000eab00000,0x00000000eab00000,0x00000000f5580000)
 ParOldGen       total 1048576K, used 878450K [0x00000000a0000000, 0x00000000e0000000, 0x00000000e0000000)
  object space 1048576K, 83% used [0x00000000a0000000,0x00000000d59dc828,0x00000000e0000000)
 Metaspace       used 75766K, capacity 77738K, committed 78868K, reserved 1118208K
  class space    used 9749K, capacity 10254K, committed 10516K, reserved 1048576K
Event: 221.075 GC heap after
Heap after GC invocations=98 (full 55):
 PSYoungGen      total 349696K, used 17390K [0x00000000e0000000, 0x0000000100000000, 0x0000000100000000)
  eden space 175104K, 0% used [0x00000000e0000000,0x00000000e0000000,0x00000000eab00000)
  from space 174592K, 9% used [0x00000000eab00000,0x00000000ebbfb980,0x00000000f5580000)
  to   space 174592K, 0% used [0x00000000f5580000,0x00000000f5580000,0x0000000100000000)
 ParOldGen       total 1048576K, used 927126K [0x00000000a0000000, 0x00000000e0000000, 0x00000000e0000000)
  object space 1048576K, 88% used [0x00000000a0000000,0x00000000d8965868,0x00000000e0000000)
 Metaspace       used 75766K, capacity 77738K, committed 78868K, reserved 1118208K
  class space    used 9749K, capacity 10254K, committed 10516K, reserved 1048576K
}
Event: 226.951 GC heap before
{Heap before GC invocations=99 (full 55):
 PSYoungGen      total 349696K, used 192494K [0x00000000e0000000, 0x0000000100000000, 0x0000000100000000)
  eden space 175104K, 100% used [0x00000000e0000000,0x00000000eab00000,0x00000000eab00000)
  from space 174592K, 9% used [0x00000000eab00000,0x00000000ebbfb980,0x00000000f5580000)
  to   space 174592K, 0% used [0x00000000f5580000,0x00000000f5580000,0x0000000100000000)
 ParOldGen       total 1048576K, used 927126K [0x00000000a0000000, 0x00000000e0000000, 0x00000000e0000000)
  object space 1048576K, 88% used [0x00000000a0000000,0x00000000d8965868,0x00000000e0000000)
 Metaspace       used 77083K, capacity 79050K, committed 79892K, reserved 1118208K
  class space    used 9853K, capacity 10350K, committed 10516K, reserved 1048576K
Event: 227.014 GC heap after
Heap after GC invocations=99 (full 55):
 PSYoungGen      total 349696K, used 24406K [0x00000000e0000000, 0x0000000100000000, 0x0000000100000000)
  eden space 175104K, 0% used [0x00000000e0000000,0x00000000e0000000,0x00000000eab00000)
  from space 174592K, 13% used [0x00000000f5580000,0x00000000f6d55ae8,0x0000000100000000)
  to   space 174592K, 0% used [0x00000000eab00000,0x00000000eab00000,0x00000000f5580000)
 ParOldGen       total 1048576K, used 939125K [0x00000000a0000000, 0x00000000e0000000, 0x00000000e0000000)
  object space 1048576K, 89% used [0x00000000a0000000,0x00000000d951d690,0x00000000e0000000)
 Metaspace       used 77083K, capacity 79050K, committed 79892K, reserved 1118208K
  class space    used 9853K, capacity 10350K, committed 10516K, reserved 1048576K
}
Event: 227.014 GC heap before
{Heap before GC invocations=100 (full 56):
 PSYoungGen      total 349696K, used 24406K [0x00000000e0000000, 0x0000000100000000, 0x0000000100000000)
  eden space 175104K, 0% used [0x00000000e0000000,0x00000000e0000000,0x00000000eab00000)
  from space 174592K, 13% used [0x00000000f5580000,0x00000000f6d55ae8,0x0000000100000000)
  to   space 174592K, 0% used [0x00000000eab00000,0x00000000eab00000,0x00000000f5580000)
 ParOldGen       total 1048576K, used 939125K [0x00000000a0000000, 0x00000000e0000000, 0x00000000e0000000)
  object space 1048576K, 89% used [0x00000000a0000000,0x00000000d951d690,0x00000000e0000000)
 Metaspace       used 77083K, capacity 79050K, committed 79892K, reserved 1118208K
  class space    used 9853K, capacity 10350K, committed 10516K, reserved 1048576K
Event: 232.026 GC heap after
Heap after GC invocations=100 (full 56):
 PSYoungGen      total 349696K, used 0K [0x00000000e0000000, 0x0000000100000000, 0x0000000100000000)
  eden space 175104K, 0% used [0x00000000e0000000,0x00000000e0000000,0x00000000eab00000)
  from space 174592K, 0% used [0x00000000f5580000,0x00000000f5580000,0x0000000100000000)
  to   space 174592K, 0% used [0x00000000eab00000,0x00000000eab00000,0x00000000f5580000)
 ParOldGen       total 1048576K, used 790112K [0x00000000a0000000, 0x00000000e0000000, 0x00000000e0000000)
  object space 1048576K, 75% used [0x00000000a0000000,0x00000000d0398020,0x00000000e0000000)
 Metaspace       used 77075K, capacity 79038K, committed 79892K, reserved 1118208K
  class space    used 9852K, capacity 10348K, committed 10516K, reserved 1048576K
}
Event: 233.345 GC heap before
{Heap before GC invocations=101 (full 56):
 PSYoungGen      total 349696K, used 175104K [0x00000000e0000000, 0x0000000100000000, 0x0000000100000000)
  eden space 175104K, 100% used [0x00000000e0000000,0x00000000eab00000,0x00000000eab00000)
  from space 174592K, 0% used [0x00000000f5580000,0x00000000f5580000,0x0000000100000000)
  to   space 174592K, 0% used [0x00000000eab00000,0x00000000eab00000,0x00000000f5580000)
 ParOldGen       total 1048576K, used 790112K [0x00000000a0000000, 0x00000000e0000000, 0x00000000e0000000)
  object space 1048576K, 75% used [0x00000000a0000000,0x00000000d0398020,0x00000000e0000000)
 Metaspace       used 77825K, capacity 79780K, committed 80788K, reserved 1120256K
  class space    used 9884K, capacity 10381K, committed 10644K, reserved 1048576K
Event: 233.376 GC heap after
Heap after GC invocations=101 (full 56):
 PSYoungGen      total 188416K, used 13248K [0x00000000e0000000, 0x00000000fff00000, 0x0000000100000000)
  eden space 175104K, 0% used [0x00000000e0000000,0x00000000e0000000,0x00000000eab00000)
  from space 13312K, 99% used [0x00000000eab00000,0x00000000eb7f0348,0x00000000eb800000)
  to   space 174080K, 0% used [0x00000000f5500000,0x00000000f5500000,0x00000000fff00000)
 ParOldGen       total 1048576K, used 790120K [0x00000000a0000000, 0x00000000e0000000, 0x00000000e0000000)
  object space 1048576K, 75% used [0x00000000a0000000,0x00000000d039a020,0x00000000e0000000)
 Metaspace       used 77825K, capacity 79780K, committed 80788K, reserved 1120256K
  class space    used 9884K, capacity 10381K, committed 10644K, reserved 1048576K
}
Event: 233.864 GC heap before
{Heap before GC invocations=102 (full 56):
 PSYoungGen      total 188416K, used 188352K [0x00000000e0000000, 0x00000000fff00000, 0x0000000100000000)
  eden space 175104K, 100% used [0x00000000e0000000,0x00000000eab00000,0x00000000eab00000)
  from space 13312K, 99% used [0x00000000eab00000,0x00000000eb7f0348,0x00000000eb800000)
  to   space 174080K, 0% used [0x00000000f5500000,0x00000000f5500000,0x00000000fff00000)
 ParOldGen       total 1048576K, used 790120K [0x00000000a0000000, 0x00000000e0000000, 0x00000000e0000000)
  object space 1048576K, 75% used [0x00000000a0000000,0x00000000d039a020,0x00000000e0000000)
 Metaspace       used 78168K, capacity 80132K, committed 81044K, reserved 1120256K
  class space    used 9918K, capacity 10413K, committed 10644K, reserved 1048576K
Event: 233.893 GC heap after
Heap after GC invocations=102 (full 56):
 PSYoungGen      total 347136K, used 32335K [0x00000000e0000000, 0x00000000ff700000, 0x0000000100000000)
  eden space 181248K, 0% used [0x00000000e0000000,0x00000000e0000000,0x00000000eb100000)
  from space 165888K, 19% used [0x00000000f5500000,0x00000000f7493e50,0x00000000ff700000)
  to   space 166912K, 0% used [0x00000000eb100000,0x00000000eb100000,0x00000000f5400000)
 ParOldGen       total 1048576K, used 790128K [0x00000000a0000000, 0x00000000e0000000, 0x00000000e0000000)
  object space 1048576K, 75% used [0x00000000a0000000,0x00000000d039c020,0x00000000e0000000)
 Metaspace       used 78168K, capacity 80132K, committed 81044K, reserved 1120256K
  class space    used 9918K, capacity 10413K, committed 10644K, reserved 1048576K
}

